[2022-01-28 08:56:35.735] [main] [info] update#setState idle
[2022-01-28 08:56:35.983] [main] [info] ExtensionHostStarterWorker created
[2022-01-28 08:56:37.385] [main] [info] Starting extension host with pid 27182 (fork() took 7 ms).
[2022-01-28 08:57:05.741] [main] [info] update#setState checking for updates
[2022-01-28 08:57:08.685] [main] [info] update#setState idle
[2022-01-28 08:57:16.068] [main] [info] Extension host with pid 27182 exited with code: 0, signal: null.
[2022-01-28 08:57:40.971] [main] [info] Starting extension host with pid 27289 (fork() took 2 ms).
[2022-01-28 08:58:35.572] [main] [info] Starting extension host with pid 27517 (fork() took 2 ms).
[2022-01-28 08:58:38.065] [main] [info] Extension host with pid 27289 exited with code: 0, signal: null.
[2022-01-28 09:03:58.842] [main] [info] Extension host with pid 27517 exited with code: 0, signal: null.
[2022-01-28 09:57:05.804] [main] [info] update#setState checking for updates
[2022-01-28 09:57:08.202] [main] [info] update#setState idle
[2022-01-28 10:57:05.848] [main] [info] update#setState checking for updates
[2022-01-28 10:57:06.897] [main] [info] update#setState idle
[2022-01-28 11:57:06.276] [main] [info] update#setState checking for updates
[2022-01-28 11:57:08.473] [main] [info] update#setState idle
[2022-01-28 12:57:06.742] [main] [info] update#setState checking for updates
[2022-01-28 12:57:09.235] [main] [info] update#setState idle
[2022-01-28 13:57:06.768] [main] [info] update#setState checking for updates
[2022-01-28 13:57:11.928] [main] [info] update#setState idle
