[2022-01-28 08:56:37.813] [exthost] [info] Extension host with pid 27182 started
[2022-01-28 08:56:37.849] [exthost] [info] ExtensionService#_doActivateExtension vscode.microsoft-authentication, startup: false, activationEvent: 'onAuthenticationRequest:microsoft'
[2022-01-28 08:56:37.868] [exthost] [info] ExtensionService#_doActivateExtension vscode.debug-auto-launch, startup: true, activationEvent: '*'
[2022-01-28 08:56:37.871] [exthost] [info] ExtensionService#_doActivateExtension vscode.git-base, startup: true, activationEvent: '*', root cause: vscode.github
[2022-01-28 08:56:37.875] [exthost] [info] ExtensionService#_doActivateExtension bierner.color-info, startup: true, activationEvent: '*'
[2022-01-28 08:56:37.879] [exthost] [info] ExtensionService#_doActivateExtension Equinusocio.vsc-material-theme, startup: true, activationEvent: '*'
[2022-01-28 08:56:37.884] [exthost] [info] ExtensionService#_doActivateExtension equinusocio.vsc-material-theme-icons, startup: true, activationEvent: '*'
[2022-01-28 08:56:37.905] [exthost] [info] ExtensionService#_doActivateExtension firsttris.vscode-jest-runner, startup: true, activationEvent: '*'
[2022-01-28 08:56:37.977] [exthost] [info] ExtensionService#_doActivateExtension formulahendry.auto-close-tag, startup: true, activationEvent: '*', root cause: Rax.vscode-rax-tag-helper
[2022-01-28 08:56:37.978] [exthost] [info] ExtensionService#_doActivateExtension formulahendry.auto-rename-tag, startup: true, activationEvent: '*', root cause: Rax.vscode-rax-tag-helper
[2022-01-28 08:56:37.989] [exthost] [info] ExtensionService#_doActivateExtension HookyQR.beautify, startup: true, activationEvent: '*'
[2022-01-28 08:56:38.018] [exthost] [info] ExtensionService#_doActivateExtension iceworks-team.iceworks-time-master, startup: true, activationEvent: '*'
[2022-01-28 08:56:38.213] [exthost] [info] ExtensionService#_doActivateExtension monokai.theme-monokai-pro-vscode, startup: true, activationEvent: '*'
[2022-01-28 08:56:38.215] [exthost] [info] ExtensionService#_doActivateExtension naumovs.color-highlight, startup: true, activationEvent: '*'
[2022-01-28 08:56:38.221] [exthost] [info] ExtensionService#_doActivateExtension shailen.netlify, startup: true, activationEvent: '*'
[2022-01-28 08:56:38.359] [exthost] [info] ExtensionService#_doActivateExtension sirmspencer.vscode-autohide, startup: true, activationEvent: '*'
[2022-01-28 08:56:38.360] [exthost] [info] ExtensionService#_doActivateExtension vincaslt.highlight-matching-tag, startup: true, activationEvent: '*'
[2022-01-28 08:56:38.365] [exthost] [info] ExtensionService#_doActivateExtension WallabyJs.quokka-vscode, startup: true, activationEvent: '*'
[2022-01-28 08:56:38.501] [exthost] [info] ExtensionService#_doActivateExtension vscode.github-authentication, startup: false, activationEvent: 'onAuthenticationRequest:github'
[2022-01-28 08:56:38.529] [exthost] [info] ExtensionService#_doActivateExtension vscode.git, startup: true, activationEvent: '*'
[2022-01-28 08:56:38.558] [exthost] [info] ExtensionService#_doActivateExtension vscode.github, startup: true, activationEvent: '*'
[2022-01-28 08:56:38.562] [exthost] [info] ExtensionService#_doActivateExtension Rax.vscode-rax-tag-helper, startup: true, activationEvent: '*'
[2022-01-28 08:56:38.572] [exthost] [error] Activating extension Rax.vscode-rax-tag-helper failed due to an error:
[2022-01-28 08:56:38.572] [exthost] [error] TypeError: Cannot read property 'document' of undefined
    at decorate (/Users/alechoedwin/.vscode/extensions/rax.vscode-rax-tag-helper-0.0.2/src/highlight.js:34:23)
    at highlight (/Users/alechoedwin/.vscode/extensions/rax.vscode-rax-tag-helper-0.0.2/src/highlight.js:88:3)
    at activate (/Users/alechoedwin/.vscode/extensions/rax.vscode-rax-tag-helper-0.0.2/src/index.js:4:3)
    at Function._callActivateOptional (/Applications/Visual Studio Code.app/Contents/Resources/app/out/vs/workbench/services/extensions/node/extensionHostProcess.js:100:15293)
    at Function._callActivate (/Applications/Visual Studio Code.app/Contents/Resources/app/out/vs/workbench/services/extensions/node/extensionHostProcess.js:100:14966)
    at /Applications/Visual Studio Code.app/Contents/Resources/app/out/vs/workbench/services/extensions/node/extensionHostProcess.js:100:13144
    at processTicksAndRejections (internal/process/task_queues.js:93:5)
    at async Promise.all (index 2)
    at async Promise.all (index 0)
[2022-01-28 08:56:38.600] [exthost] [info] Eager extensions activated
[2022-01-28 08:56:38.607] [exthost] [info] ExtensionService#_doActivateExtension vscode.emmet, startup: false, activationEvent: 'onStartupFinished'
[2022-01-28 08:56:38.615] [exthost] [info] ExtensionService#_doActivateExtension vscode.merge-conflict, startup: false, activationEvent: 'onStartupFinished'
[2022-01-28 08:56:38.617] [exthost] [info] ExtensionService#_doActivateExtension alefragnani.Bookmarks, startup: false, activationEvent: 'onStartupFinished'
[2022-01-28 08:56:38.623] [exthost] [info] ExtensionService#_doActivateExtension bradlc.vscode-tailwindcss, startup: false, activationEvent: 'onStartupFinished'
[2022-01-28 08:56:38.636] [exthost] [info] ExtensionService#_doActivateExtension CoenraadS.bracket-pair-colorizer-2, startup: false, activationEvent: 'onStartupFinished'
[2022-01-28 08:56:38.646] [exthost] [info] ExtensionService#_doActivateExtension dbaeumer.vscode-eslint, startup: false, activationEvent: 'onStartupFinished'
[2022-01-28 08:56:38.658] [exthost] [info] ExtensionService#_doActivateExtension eamodio.gitlens, startup: false, activationEvent: 'onStartupFinished'
[2022-01-28 08:56:38.708] [exthost] [info] ExtensionService#_doActivateExtension esbenp.prettier-vscode, startup: false, activationEvent: 'onStartupFinished'
[2022-01-28 08:56:38.931] [exthost] [info] ExtensionService#_doActivateExtension iceworks-team.iceworks-generator, startup: false, activationEvent: 'onStartupFinished'
[2022-01-28 08:56:39.036] [exthost] [info] ExtensionService#_doActivateExtension ms-vscode-remote.remote-containers, startup: false, activationEvent: 'onStartupFinished'
[2022-01-28 08:56:39.085] [exthost] [info] ExtensionService#_doActivateExtension ms-vscode-remote.remote-wsl, startup: false, activationEvent: 'onStartupFinished'
[2022-01-28 08:56:39.100] [exthost] [info] ExtensionService#_doActivateExtension nrwl.angular-console, startup: false, activationEvent: 'onStartupFinished'
[2022-01-28 08:56:39.333] [exthost] [info] ExtensionService#_doActivateExtension PKief.material-icon-theme, startup: false, activationEvent: 'onStartupFinished'
[2022-01-28 08:56:39.341] [exthost] [info] ExtensionService#_doActivateExtension rangav.vscode-thunder-client, startup: false, activationEvent: 'onStartupFinished'
[2022-01-28 08:56:39.375] [exthost] [info] ExtensionService#_doActivateExtension streetsidesoftware.code-spell-checker, startup: false, activationEvent: 'onStartupFinished'
[2022-01-28 08:56:39.408] [exthost] [info] ExtensionService#_doActivateExtension usernamehw.errorlens, startup: false, activationEvent: 'onStartupFinished'
[2022-01-28 08:56:39.410] [exthost] [info] ExtensionService#_doActivateExtension vadimcn.vscode-lldb, startup: false, activationEvent: 'onStartupFinished'
[2022-01-28 08:56:39.417] [exthost] [info] ExtensionService#_doActivateExtension zhuangtongfa.material-theme, startup: false, activationEvent: 'onStartupFinished'
[2022-01-28 08:56:39.643] [exthost] [info] ExtensionService#_doActivateExtension vscode.typescript-language-features, startup: false, activationEvent: 'api', root cause: nrwl.angular-console
[2022-01-28 08:57:12.951] [exthost] [info] extension host terminating: renderer closed the socket
[2022-01-28 08:57:16.059] [exthost] [info] Extension host with pid 27182 exiting with code 0
