[2022-01-28 08:57:41.748] [exthost] [info] Extension host with pid 27289 started
[2022-01-28 08:57:41.749] [exthost] [info] Skipping acquiring lock for /Users/alechoedwin/Documents/Development/taskmanager_rca_rs/~/root/User/workspaceStorage/5d582a81cf21de31956b7968e65942e2.
[2022-01-28 08:57:41.776] [exthost] [info] ExtensionService#_doActivateExtension vscode.microsoft-authentication, startup: false, activationEvent: 'onAuthenticationRequest:microsoft'
[2022-01-28 08:57:41.781] [exthost] [info] ExtensionService#_doActivateExtension vscode.debug-auto-launch, startup: true, activationEvent: '*'
[2022-01-28 08:57:41.783] [exthost] [info] ExtensionService#_doActivateExtension vscode.git-base, startup: true, activationEvent: '*', root cause: vscode.github
[2022-01-28 08:57:41.784] [exthost] [info] ExtensionService#_doActivateExtension formulahendry.auto-close-tag, startup: true, activationEvent: '*'
[2022-01-28 08:57:41.785] [exthost] [info] ExtensionService#_doActivateExtension formulahendry.auto-rename-tag, startup: true, activationEvent: '*'
[2022-01-28 08:57:41.788] [exthost] [info] ExtensionService#_doActivateExtension monokai.theme-monokai-pro-vscode, startup: true, activationEvent: '*'
[2022-01-28 08:57:41.790] [exthost] [info] ExtensionService#_doActivateExtension naumovs.color-highlight, startup: true, activationEvent: '*'
[2022-01-28 08:57:41.792] [exthost] [info] ExtensionService#_doActivateExtension WallabyJs.quokka-vscode, startup: true, activationEvent: '*'
[2022-01-28 08:57:41.920] [exthost] [info] ExtensionService#_doActivateExtension vscode.github-authentication, startup: false, activationEvent: 'onAuthenticationRequest:github'
[2022-01-28 08:57:41.999] [exthost] [info] ExtensionService#_doActivateExtension vscode.github, startup: true, activationEvent: '*'
[2022-01-28 08:57:42.006] [exthost] [info] Eager extensions activated
[2022-01-28 08:57:42.009] [exthost] [info] ExtensionService#_doActivateExtension vscode.emmet, startup: false, activationEvent: 'onStartupFinished'
[2022-01-28 08:57:42.015] [exthost] [info] ExtensionService#_doActivateExtension vscode.merge-conflict, startup: false, activationEvent: 'onStartupFinished'
[2022-01-28 08:57:42.018] [exthost] [info] ExtensionService#_doActivateExtension alefragnani.Bookmarks, startup: false, activationEvent: 'onStartupFinished'
[2022-01-28 08:57:42.021] [exthost] [info] ExtensionService#_doActivateExtension eamodio.gitlens, startup: false, activationEvent: 'onStartupFinished'
[2022-01-28 08:57:42.036] [exthost] [info] ExtensionService#_doActivateExtension esbenp.prettier-vscode, startup: false, activationEvent: 'onStartupFinished'
[2022-01-28 08:57:42.139] [exthost] [info] ExtensionService#_doActivateExtension ms-vscode-remote.remote-containers, startup: false, activationEvent: 'onStartupFinished'
[2022-01-28 08:57:42.152] [exthost] [info] ExtensionService#_doActivateExtension ms-vscode-remote.remote-wsl, startup: false, activationEvent: 'onStartupFinished'
[2022-01-28 08:57:42.156] [exthost] [info] ExtensionService#_doActivateExtension PKief.material-icon-theme, startup: false, activationEvent: 'onStartupFinished'
[2022-01-28 08:57:42.160] [exthost] [info] ExtensionService#_doActivateExtension zhuangtongfa.material-theme, startup: false, activationEvent: 'onStartupFinished'
[2022-01-28 08:58:11.559] [exthost] [info] ExtensionService#_doActivateExtension vscode.git, startup: false, activationEvent: 'api', root cause: vscode.github
[2022-01-28 08:58:11.570] [exthost] [info] ExtensionService#_doActivateExtension bierner.color-info, startup: false, activationEvent: '*'
[2022-01-28 08:58:11.571] [exthost] [info] ExtensionService#_doActivateExtension bradlc.vscode-tailwindcss, startup: false, activationEvent: 'onStartupFinished'
[2022-01-28 08:58:11.577] [exthost] [info] ExtensionService#_doActivateExtension CoenraadS.bracket-pair-colorizer-2, startup: false, activationEvent: 'onStartupFinished'
[2022-01-28 08:58:11.589] [exthost] [info] ExtensionService#_doActivateExtension dbaeumer.vscode-eslint, startup: false, activationEvent: 'onStartupFinished'
[2022-01-28 08:58:11.593] [exthost] [info] ExtensionService#_doActivateExtension Equinusocio.vsc-material-theme, startup: false, activationEvent: '*'
[2022-01-28 08:58:11.599] [exthost] [info] ExtensionService#_doActivateExtension equinusocio.vsc-material-theme-icons, startup: false, activationEvent: '*'
[2022-01-28 08:58:11.627] [exthost] [info] ExtensionService#_doActivateExtension firsttris.vscode-jest-runner, startup: false, activationEvent: '*'
[2022-01-28 08:58:11.847] [exthost] [info] ExtensionService#_doActivateExtension HookyQR.beautify, startup: false, activationEvent: '*'
[2022-01-28 08:58:11.865] [exthost] [info] ExtensionService#_doActivateExtension iceworks-team.iceworks-generator, startup: false, activationEvent: 'onStartupFinished'
[2022-01-28 08:58:11.942] [exthost] [info] ExtensionService#_doActivateExtension iceworks-team.iceworks-time-master, startup: false, activationEvent: '*'
[2022-01-28 08:58:12.025] [exthost] [info] ExtensionService#_doActivateExtension nrwl.angular-console, startup: false, activationEvent: 'onStartupFinished'
[2022-01-28 08:58:12.082] [exthost] [info] ExtensionService#_doActivateExtension rangav.vscode-thunder-client, startup: false, activationEvent: 'onStartupFinished'
[2022-01-28 08:58:12.102] [exthost] [info] ExtensionService#_doActivateExtension Rax.vscode-rax-tag-helper, startup: false, activationEvent: '*'
[2022-01-28 08:58:12.104] [exthost] [info] ExtensionService#_doActivateExtension shailen.netlify, startup: false, activationEvent: '*'
[2022-01-28 08:58:12.225] [exthost] [info] ExtensionService#_doActivateExtension sirmspencer.vscode-autohide, startup: false, activationEvent: '*'
[2022-01-28 08:58:12.225] [exthost] [info] ExtensionService#_doActivateExtension streetsidesoftware.code-spell-checker, startup: false, activationEvent: 'onStartupFinished'
[2022-01-28 08:58:12.236] [exthost] [info] ExtensionService#_doActivateExtension usernamehw.errorlens, startup: false, activationEvent: 'onStartupFinished'
[2022-01-28 08:58:12.238] [exthost] [info] ExtensionService#_doActivateExtension vadimcn.vscode-lldb, startup: false, activationEvent: 'onStartupFinished'
[2022-01-28 08:58:12.240] [exthost] [info] ExtensionService#_doActivateExtension vincaslt.highlight-matching-tag, startup: false, activationEvent: '*'
[2022-01-28 08:58:12.250] [exthost] [info] ExtensionService#_doActivateExtension serayuzgur.crates, startup: false, activationEvent: 'workspaceContains:Cargo.toml'
[2022-01-28 08:58:12.448] [exthost] [error] Activating extension Rax.vscode-rax-tag-helper failed due to an error:
[2022-01-28 08:58:12.448] [exthost] [error] TypeError: Cannot read property 'document' of undefined
    at decorate (/Users/alechoedwin/.vscode/extensions/rax.vscode-rax-tag-helper-0.0.2/src/highlight.js:34:23)
    at highlight (/Users/alechoedwin/.vscode/extensions/rax.vscode-rax-tag-helper-0.0.2/src/highlight.js:88:3)
    at activate (/Users/alechoedwin/.vscode/extensions/rax.vscode-rax-tag-helper-0.0.2/src/index.js:4:3)
    at Function._callActivateOptional (/Applications/Visual Studio Code.app/Contents/Resources/app/out/vs/workbench/services/extensions/node/extensionHostProcess.js:100:15293)
    at Function._callActivate (/Applications/Visual Studio Code.app/Contents/Resources/app/out/vs/workbench/services/extensions/node/extensionHostProcess.js:100:14966)
    at /Applications/Visual Studio Code.app/Contents/Resources/app/out/vs/workbench/services/extensions/node/extensionHostProcess.js:100:13144
    at processTicksAndRejections (internal/process/task_queues.js:93:5)
    at async Promise.all (index 0)
    at v.$activate (/Applications/Visual Studio Code.app/Contents/Resources/app/out/vs/workbench/services/extensions/node/extensionHostProcess.js:100:20806)
[2022-01-28 08:58:12.503] [exthost] [info] ExtensionService#_doActivateExtension vscode.typescript-language-features, startup: false, activationEvent: 'api', root cause: nrwl.angular-console
[2022-01-28 08:58:12.517] [exthost] [info] ExtensionService#_doActivateExtension matklad.rust-analyzer, startup: false, activationEvent: 'workspaceContains:*/Cargo.toml,*/rust-project.json'
[2022-01-28 08:58:12.732] [exthost] [warning] [Decorations] CAPPING events from decorations provider vscode.git 814
[2022-01-28 08:58:16.724] [exthost] [warning] [Decorations] CAPPING events from decorations provider vscode.git 815
[2022-01-28 08:58:21.778] [exthost] [warning] [Decorations] CAPPING events from decorations provider vscode.git 816
[2022-01-28 08:58:26.817] [exthost] [warning] [Decorations] CAPPING events from decorations provider vscode.git 817
[2022-01-28 08:58:27.302] [exthost] [info] ExtensionService#_doActivateExtension vscode.configuration-editing, startup: false, activationEvent: 'onLanguage:json'
[2022-01-28 08:58:27.308] [exthost] [info] ExtensionService#_doActivateExtension vscode.extension-editing, startup: false, activationEvent: 'onLanguage:json'
[2022-01-28 08:58:27.323] [exthost] [info] ExtensionService#_doActivateExtension vscode.json-language-features, startup: false, activationEvent: 'onLanguage:json'
[2022-01-28 08:58:27.369] [exthost] [info] ExtensionService#_doActivateExtension vscode.npm, startup: false, activationEvent: 'onLanguage:json'
[2022-01-28 08:58:31.852] [exthost] [warning] [Decorations] CAPPING events from decorations provider vscode.git 843
[2022-01-28 08:58:34.980] [exthost] [info] extension host terminating: renderer closed the socket
[2022-01-28 08:58:35.001] [exthost] [error] Canceled: Canceled
    at Object.R [as canceled] (/Applications/Visual Studio Code.app/Contents/Resources/app/out/vs/workbench/services/extensions/node/extensionHostProcess.js:5:1157)
    at t._remoteCall (/Applications/Visual Studio Code.app/Contents/Resources/app/out/vs/workbench/services/extensions/node/extensionHostProcess.js:99:13876)
    at Proxy.O.<computed>.F.charCodeAt.O.<computed> (/Applications/Visual Studio Code.app/Contents/Resources/app/out/vs/workbench/services/extensions/node/extensionHostProcess.js:99:10271)
    at r._doExecuteCommand (/Applications/Visual Studio Code.app/Contents/Resources/app/out/vs/workbench/services/extensions/node/extensionHostProcess.js:95:30473)
    at r.executeCommand (/Applications/Visual Studio Code.app/Contents/Resources/app/out/vs/workbench/services/extensions/node/extensionHostProcess.js:95:29874)
    at Object.executeCommand (/Applications/Visual Studio Code.app/Contents/Resources/app/out/vs/workbench/services/extensions/node/extensionHostProcess.js:104:22022)
    at Ca (/Users/alechoedwin/.vscode/extensions/matklad.rust-analyzer-0.2.898/out/main.js:39:35807)
    at Object.Eg (/Users/alechoedwin/.vscode/extensions/matklad.rust-analyzer-0.2.898/out/main.js:85:1555)
    at v._deactivate (/Applications/Visual Studio Code.app/Contents/Resources/app/out/vs/workbench/services/extensions/node/extensionHostProcess.js:100:11513)
    at /Applications/Visual Studio Code.app/Contents/Resources/app/out/vs/workbench/services/extensions/node/extensionHostProcess.js:100:10061
    at Array.map (<anonymous>)
    at v.deactivateAll (/Applications/Visual Studio Code.app/Contents/Resources/app/out/vs/workbench/services/extensions/node/extensionHostProcess.js:100:10049)
    at p.terminate (/Applications/Visual Studio Code.app/Contents/Resources/app/out/vs/workbench/services/extensions/node/extensionHostProcess.js:104:735)
    at r (/Applications/Visual Studio Code.app/Contents/Resources/app/out/vs/workbench/services/extensions/node/extensionHostProcess.js:114:36400)
    at Socket.<anonymous> (/Applications/Visual Studio Code.app/Contents/Resources/app/out/vs/workbench/services/extensions/node/extensionHostProcess.js:114:34012)
    at Socket.emit (events.js:327:22)
    at Pipe.<anonymous> (net.js:673:12)
[2022-01-28 08:58:36.129] [exthost] [info] Extension host with pid 27517 started
[2022-01-28 08:58:36.129] [exthost] [info] Skipping acquiring lock for /Users/alechoedwin/Documents/Development/taskmanager_rca_rs/~/root/User/workspaceStorage/5d582a81cf21de31956b7968e65942e2.
[2022-01-28 08:58:36.156] [exthost] [info] ExtensionService#_doActivateExtension vscode.microsoft-authentication, startup: false, activationEvent: 'onAuthenticationRequest:microsoft'
[2022-01-28 08:58:36.161] [exthost] [info] ExtensionService#_doActivateExtension vscode.debug-auto-launch, startup: true, activationEvent: '*'
[2022-01-28 08:58:36.162] [exthost] [info] ExtensionService#_doActivateExtension vscode.git-base, startup: true, activationEvent: '*', root cause: vscode.github
[2022-01-28 08:58:36.163] [exthost] [info] ExtensionService#_doActivateExtension bierner.color-info, startup: true, activationEvent: '*'
[2022-01-28 08:58:36.165] [exthost] [info] ExtensionService#_doActivateExtension Equinusocio.vsc-material-theme, startup: true, activationEvent: '*'
[2022-01-28 08:58:36.170] [exthost] [info] ExtensionService#_doActivateExtension equinusocio.vsc-material-theme-icons, startup: true, activationEvent: '*'
[2022-01-28 08:58:36.194] [exthost] [info] ExtensionService#_doActivateExtension firsttris.vscode-jest-runner, startup: true, activationEvent: '*'
[2022-01-28 08:58:36.220] [exthost] [info] ExtensionService#_doActivateExtension formulahendry.auto-close-tag, startup: true, activationEvent: '*', root cause: Rax.vscode-rax-tag-helper
[2022-01-28 08:58:36.221] [exthost] [info] ExtensionService#_doActivateExtension formulahendry.auto-rename-tag, startup: true, activationEvent: '*', root cause: Rax.vscode-rax-tag-helper
[2022-01-28 08:58:36.224] [exthost] [info] ExtensionService#_doActivateExtension HookyQR.beautify, startup: true, activationEvent: '*'
[2022-01-28 08:58:36.245] [exthost] [info] ExtensionService#_doActivateExtension iceworks-team.iceworks-time-master, startup: true, activationEvent: '*'
[2022-01-28 08:58:36.361] [exthost] [info] ExtensionService#_doActivateExtension monokai.theme-monokai-pro-vscode, startup: true, activationEvent: '*'
[2022-01-28 08:58:36.362] [exthost] [info] ExtensionService#_doActivateExtension naumovs.color-highlight, startup: true, activationEvent: '*'
[2022-01-28 08:58:36.365] [exthost] [info] ExtensionService#_doActivateExtension shailen.netlify, startup: true, activationEvent: '*'
[2022-01-28 08:58:36.473] [exthost] [info] ExtensionService#_doActivateExtension sirmspencer.vscode-autohide, startup: true, activationEvent: '*'
[2022-01-28 08:58:36.474] [exthost] [info] ExtensionService#_doActivateExtension vincaslt.highlight-matching-tag, startup: true, activationEvent: '*'
[2022-01-28 08:58:36.479] [exthost] [info] ExtensionService#_doActivateExtension WallabyJs.quokka-vscode, startup: true, activationEvent: '*'
[2022-01-28 08:58:36.484] [exthost] [info] ExtensionService#_doActivateExtension serayuzgur.crates, startup: true, activationEvent: 'workspaceContains:Cargo.toml'
[2022-01-28 08:58:36.706] [exthost] [info] ExtensionService#_doActivateExtension matklad.rust-analyzer, startup: true, activationEvent: 'workspaceContains:*/Cargo.toml,*/rust-project.json'
[2022-01-28 08:58:36.751] [exthost] [info] ExtensionService#_doActivateExtension vscode.github-authentication, startup: false, activationEvent: 'onAuthenticationRequest:github'
[2022-01-28 08:58:36.785] [exthost] [info] ExtensionService#_doActivateExtension vscode.git, startup: true, activationEvent: '*'
[2022-01-28 08:58:36.799] [exthost] [info] ExtensionService#_doActivateExtension vscode.github, startup: true, activationEvent: '*'
[2022-01-28 08:58:36.801] [exthost] [info] ExtensionService#_doActivateExtension Rax.vscode-rax-tag-helper, startup: true, activationEvent: '*'
[2022-01-28 08:58:36.806] [exthost] [error] Activating extension Rax.vscode-rax-tag-helper failed due to an error:
[2022-01-28 08:58:36.806] [exthost] [error] TypeError: Cannot read property 'document' of undefined
    at decorate (/Users/alechoedwin/.vscode/extensions/rax.vscode-rax-tag-helper-0.0.2/src/highlight.js:34:23)
    at highlight (/Users/alechoedwin/.vscode/extensions/rax.vscode-rax-tag-helper-0.0.2/src/highlight.js:88:3)
    at activate (/Users/alechoedwin/.vscode/extensions/rax.vscode-rax-tag-helper-0.0.2/src/index.js:4:3)
    at Function._callActivateOptional (/Applications/Visual Studio Code.app/Contents/Resources/app/out/vs/workbench/services/extensions/node/extensionHostProcess.js:100:15293)
    at Function._callActivate (/Applications/Visual Studio Code.app/Contents/Resources/app/out/vs/workbench/services/extensions/node/extensionHostProcess.js:100:14966)
    at /Applications/Visual Studio Code.app/Contents/Resources/app/out/vs/workbench/services/extensions/node/extensionHostProcess.js:100:13144
    at processTicksAndRejections (internal/process/task_queues.js:93:5)
    at async Promise.all (index 2)
    at async Promise.all (index 0)
[2022-01-28 08:58:36.835] [exthost] [info] Eager extensions activated
[2022-01-28 08:58:36.843] [exthost] [info] ExtensionService#_doActivateExtension vscode.emmet, startup: false, activationEvent: 'onStartupFinished'
[2022-01-28 08:58:36.849] [exthost] [info] ExtensionService#_doActivateExtension vscode.merge-conflict, startup: false, activationEvent: 'onStartupFinished'
[2022-01-28 08:58:36.850] [exthost] [info] ExtensionService#_doActivateExtension alefragnani.Bookmarks, startup: false, activationEvent: 'onStartupFinished'
[2022-01-28 08:58:36.852] [exthost] [info] ExtensionService#_doActivateExtension bradlc.vscode-tailwindcss, startup: false, activationEvent: 'onStartupFinished'
[2022-01-28 08:58:36.856] [exthost] [info] ExtensionService#_doActivateExtension dbaeumer.vscode-eslint, startup: false, activationEvent: 'onStartupFinished'
[2022-01-28 08:58:36.859] [exthost] [info] ExtensionService#_doActivateExtension eamodio.gitlens, startup: false, activationEvent: 'onStartupFinished'
[2022-01-28 08:58:36.880] [exthost] [info] ExtensionService#_doActivateExtension esbenp.prettier-vscode, startup: false, activationEvent: 'onStartupFinished'
[2022-01-28 08:58:37.002] [exthost] [info] ExtensionService#_doActivateExtension iceworks-team.iceworks-generator, startup: false, activationEvent: 'onStartupFinished'
[2022-01-28 08:58:37.072] [exthost] [info] ExtensionService#_doActivateExtension ms-vscode-remote.remote-containers, startup: false, activationEvent: 'onStartupFinished'
[2022-01-28 08:58:37.093] [exthost] [info] ExtensionService#_doActivateExtension ms-vscode-remote.remote-wsl, startup: false, activationEvent: 'onStartupFinished'
[2022-01-28 08:58:37.097] [exthost] [info] ExtensionService#_doActivateExtension nrwl.angular-console, startup: false, activationEvent: 'onStartupFinished'
[2022-01-28 08:58:37.168] [exthost] [info] ExtensionService#_doActivateExtension PKief.material-icon-theme, startup: false, activationEvent: 'onStartupFinished'
[2022-01-28 08:58:37.181] [exthost] [info] ExtensionService#_doActivateExtension rangav.vscode-thunder-client, startup: false, activationEvent: 'onStartupFinished'
[2022-01-28 08:58:37.206] [exthost] [info] ExtensionService#_doActivateExtension streetsidesoftware.code-spell-checker, startup: false, activationEvent: 'onStartupFinished'
[2022-01-28 08:58:37.221] [exthost] [info] ExtensionService#_doActivateExtension usernamehw.errorlens, startup: false, activationEvent: 'onStartupFinished'
[2022-01-28 08:58:37.223] [exthost] [info] ExtensionService#_doActivateExtension vadimcn.vscode-lldb, startup: false, activationEvent: 'onStartupFinished'
[2022-01-28 08:58:37.227] [exthost] [info] ExtensionService#_doActivateExtension zhuangtongfa.material-theme, startup: false, activationEvent: 'onStartupFinished'
[2022-01-28 08:58:37.401] [exthost] [warning] [Decorations] CAPPING events from decorations provider vscode.git 854
[2022-01-28 08:58:37.422] [exthost] [info] ExtensionService#_doActivateExtension vscode.typescript-language-features, startup: false, activationEvent: 'api', root cause: nrwl.angular-console
[2022-01-28 08:58:38.045] [exthost] [info] Extension host with pid 27289 exiting with code 0
[2022-01-28 08:58:40.423] [exthost] [warning] [Decorations] CAPPING events from decorations provider vscode.git 858
[2022-01-28 08:58:45.461] [exthost] [warning] [Decorations] CAPPING events from decorations provider vscode.git 858
[2022-01-28 08:58:50.495] [exthost] [warning] [Decorations] CAPPING events from decorations provider vscode.git 858
[2022-01-28 08:58:57.226] [exthost] [warning] [Decorations] CAPPING events from decorations provider vscode.git 858
[2022-01-28 08:59:00.458] [exthost] [info] ExtensionService#_doActivateExtension GrapeCity.gc-excelviewer, startup: false, activationEvent: 'onLanguage:plaintext'
[2022-01-28 08:59:00.463] [exthost] [info] ExtensionService#_doActivateExtension mechatroner.rainbow-csv, startup: false, activationEvent: 'onLanguage:plaintext'
[2022-01-28 08:59:02.257] [exthost] [warning] [Decorations] CAPPING events from decorations provider vscode.git 858
[2022-01-28 08:59:07.289] [exthost] [warning] [Decorations] CAPPING events from decorations provider vscode.git 858
[2022-01-28 08:59:12.321] [exthost] [warning] [Decorations] CAPPING events from decorations provider vscode.git 860
[2022-01-28 08:59:17.353] [exthost] [warning] [Decorations] CAPPING events from decorations provider vscode.git 861
[2022-01-28 08:59:22.394] [exthost] [warning] [Decorations] CAPPING events from decorations provider vscode.git 861
[2022-01-28 08:59:36.720] [exthost] [warning] [Decorations] CAPPING events from decorations provider vscode.git 861
[2022-01-28 09:00:09.315] [exthost] [warning] [Decorations] CAPPING events from decorations provider vscode.git 861
[2022-01-28 09:00:14.343] [exthost] [warning] [Decorations] CAPPING events from decorations provider vscode.git 871
[2022-01-28 09:00:19.397] [exthost] [warning] [Decorations] CAPPING events from decorations provider vscode.git 871
[2022-01-28 09:00:24.429] [exthost] [warning] [Decorations] CAPPING events from decorations provider vscode.git 871
[2022-01-28 09:00:45.059] [exthost] [warning] [Decorations] CAPPING events from decorations provider vscode.git 871
[2022-01-28 09:00:50.088] [exthost] [warning] [Decorations] CAPPING events from decorations provider vscode.git 871
[2022-01-28 09:02:02.304] [exthost] [warning] [Decorations] CAPPING events from decorations provider vscode.git 871
[2022-01-28 09:02:07.336] [exthost] [warning] [Decorations] CAPPING events from decorations provider vscode.git 871
[2022-01-28 09:03:55.634] [exthost] [info] extension host terminating: renderer closed the socket
[2022-01-28 09:03:55.790] [exthost] [error] Canceled: Canceled
    at Object.R [as canceled] (/Applications/Visual Studio Code.app/Contents/Resources/app/out/vs/workbench/services/extensions/node/extensionHostProcess.js:5:1157)
    at t._remoteCall (/Applications/Visual Studio Code.app/Contents/Resources/app/out/vs/workbench/services/extensions/node/extensionHostProcess.js:99:13876)
    at Proxy.O.<computed>.F.charCodeAt.O.<computed> (/Applications/Visual Studio Code.app/Contents/Resources/app/out/vs/workbench/services/extensions/node/extensionHostProcess.js:99:10271)
    at r._doExecuteCommand (/Applications/Visual Studio Code.app/Contents/Resources/app/out/vs/workbench/services/extensions/node/extensionHostProcess.js:95:30473)
    at r.executeCommand (/Applications/Visual Studio Code.app/Contents/Resources/app/out/vs/workbench/services/extensions/node/extensionHostProcess.js:95:29874)
    at Object.executeCommand (/Applications/Visual Studio Code.app/Contents/Resources/app/out/vs/workbench/services/extensions/node/extensionHostProcess.js:104:22022)
    at Ca (/Users/alechoedwin/.vscode/extensions/matklad.rust-analyzer-0.2.898/out/main.js:39:35807)
    at Object.Eg (/Users/alechoedwin/.vscode/extensions/matklad.rust-analyzer-0.2.898/out/main.js:85:1555)
    at v._deactivate (/Applications/Visual Studio Code.app/Contents/Resources/app/out/vs/workbench/services/extensions/node/extensionHostProcess.js:100:11513)
    at /Applications/Visual Studio Code.app/Contents/Resources/app/out/vs/workbench/services/extensions/node/extensionHostProcess.js:100:10061
    at Array.map (<anonymous>)
    at v.deactivateAll (/Applications/Visual Studio Code.app/Contents/Resources/app/out/vs/workbench/services/extensions/node/extensionHostProcess.js:100:10049)
    at p.terminate (/Applications/Visual Studio Code.app/Contents/Resources/app/out/vs/workbench/services/extensions/node/extensionHostProcess.js:104:735)
    at r (/Applications/Visual Studio Code.app/Contents/Resources/app/out/vs/workbench/services/extensions/node/extensionHostProcess.js:114:36400)
    at Socket.<anonymous> (/Applications/Visual Studio Code.app/Contents/Resources/app/out/vs/workbench/services/extensions/node/extensionHostProcess.js:114:34012)
    at Socket.emit (events.js:327:22)
    at Pipe.<anonymous> (net.js:673:12)
[2022-01-28 09:03:58.816] [exthost] [info] Extension host with pid 27517 exiting with code 0
